[10:07:39] Using gulpfile C:\CGI\dev\cahier-de-textes\gulpfile.js
[10:07:39] Starting 'drop-cache'...
[10:07:39] Finished 'drop-cache' after 24 ms
[10:07:39] Starting 'copy-files'...
[10:07:39] Finished 'copy-files' after 145 ms
[10:07:39] Starting 'webpack'...
[10:07:45] Version: webpack 1.15.0
               Asset     Size  Chunks             Chunk Names
    ./application.js  2.13 kB       0  [emitted]  application
     ./behaviours.js  5.67 kB       1  [emitted]  behaviours
./application.js.map  2.49 kB       0  [emitted]  application
 ./behaviours.js.map  7.45 kB       1  [emitted]  behaviours

ERROR in C:\CGI\dev\cahier-de-textes\src\main\resources\public\ts\visa\inspector-habilitations\habilitations.controller.ts
[tsl] ERROR in C:\CGI\dev\cahier-de-textes\src\main\resources\public\ts\visa\inspector-habilitations\habilitations.controller.ts(15,33)
      TS2304: Cannot find name 'model'.

ERROR in C:\CGI\dev\cahier-de-textes\src\main\resources\public\ts\visa\inspector-habilitations\habilitations.controller.ts
[tsl] ERROR in C:\CGI\dev\cahier-de-textes\src\main\resources\public\ts\visa\inspector-habilitations\habilitations.controller.ts(40,39)
      TS2304: Cannot find name '_'.

ERROR in C:\CGI\dev\cahier-de-textes\src\main\resources\public\ts\visa\inspector-habilitations\habilitations.controller.ts
[tsl] ERROR in C:\CGI\dev\cahier-de-textes\src\main\resources\public\ts\visa\inspector-habilitations\habilitations.controller.ts(56,39)
      TS2304: Cannot find name '_'.

ERROR in C:\CGI\dev\cahier-de-textes\src\main\resources\public\ts\visa\visa.controller.ts
[tsl] ERROR in C:\CGI\dev\cahier-de-textes\src\main\resources\public\ts\visa\visa.controller.ts(18,63)
      TS2304: Cannot find name 'model'.

ERROR in C:\CGI\dev\cahier-de-textes\src\main\resources\public\ts\visa\visa.controller.ts
[tsl] ERROR in C:\CGI\dev\cahier-de-textes\src\main\resources\public\ts\visa\visa.controller.ts(20,71)
      TS2304: Cannot find name 'model'.

ERROR in C:\CGI\dev\cahier-de-textes\src\main\resources\public\ts\visa\visa.controller.ts
[tsl] ERROR in C:\CGI\dev\cahier-de-textes\src\main\resources\public\ts\visa\visa.controller.ts(20,94)
      TS2304: Cannot find name 'model'.

ERROR in C:\CGI\dev\cahier-de-textes\src\main\resources\public\ts\visa\visa.controller.ts
[tsl] ERROR in C:\CGI\dev\cahier-de-textes\src\main\resources\public\ts\visa\visa.controller.ts(26,53)
      TS2304: Cannot find name 'lang'.

ERROR in C:\CGI\dev\cahier-de-textes\src\main\resources\public\ts\visa\visa.controller.ts
[tsl] ERROR in C:\CGI\dev\cahier-de-textes\src\main\resources\public\ts\visa\visa.controller.ts(27,47)
      TS2304: Cannot find name 'lang'.

ERROR in C:\CGI\dev\cahier-de-textes\src\main\resources\public\ts\visa\visa.controller.ts
[tsl] ERROR in C:\CGI\dev\cahier-de-textes\src\main\resources\public\ts\visa\visa.controller.ts(28,52)
      TS2304: Cannot find name 'lang'.

ERROR in C:\CGI\dev\cahier-de-textes\src\main\resources\public\ts\visa\visa.controller.ts
[tsl] ERROR in C:\CGI\dev\cahier-de-textes\src\main\resources\public\ts\visa\visa.controller.ts(52,47)
      TS2304: Cannot find name 'model'.

ERROR in C:\CGI\dev\cahier-de-textes\src\main\resources\public\ts\visa\visa.controller.ts
[tsl] ERROR in C:\CGI\dev\cahier-de-textes\src\main\resources\public\ts\visa\visa.controller.ts(91,24)
      TS2304: Cannot find name '_'.

ERROR in C:\CGI\dev\cahier-de-textes\src\main\resources\public\ts\visa\visa.controller.ts
[tsl] ERROR in C:\CGI\dev\cahier-de-textes\src\main\resources\public\ts\visa\visa.controller.ts(92,32)
      TS2304: Cannot find name 'angular'.

ERROR in C:\CGI\dev\cahier-de-textes\src\main\resources\public\ts\visa\visa.controller.ts
[tsl] ERROR in C:\CGI\dev\cahier-de-textes\src\main\resources\public\ts\visa\visa.controller.ts(107,31)
      TS2304: Cannot find name 'model'.

ERROR in C:\CGI\dev\cahier-de-textes\src\main\resources\public\ts\visa\visa.controller.ts
[tsl] ERROR in C:\CGI\dev\cahier-de-textes\src\main\resources\public\ts\visa\visa.controller.ts(108,33)
      TS2304: Cannot find name 'model'.

ERROR in C:\CGI\dev\cahier-de-textes\src\main\resources\public\ts\visa\visa.controller.ts
[tsl] ERROR in C:\CGI\dev\cahier-de-textes\src\main\resources\public\ts\visa\visa.controller.ts(115,21)
      TS2304: Cannot find name 'notify'.

ERROR in C:\CGI\dev\cahier-de-textes\src\main\resources\public\ts\visa\visa.controller.ts
[tsl] ERROR in C:\CGI\dev\cahier-de-textes\src\main\resources\public\ts\visa\visa.controller.ts(115,33)
      TS2304: Cannot find name 'lang'.
[10:07:45] Finished 'webpack' after 6.29 s
[10:07:45] Starting 'rev'...
[10:07:45] Finished 'rev' after 39 ms
[10:07:45] Starting 'build'...
[10:07:45] Finished 'build' after 1.16 ms
